
  ____ _               _
 / ___| |__   ___  ___| | _____ _ __ ___
| |   | '_ \ / _ \/ __| |/ / _ \ '__/ __|
| |___| | | |  __/ (__|   <  __/ |  \__ \
 \____|_| |_|\___|\___|_|\_\___|_|  |___/

Developed by The Students Inc.
CSE231 Summer Semester 2018
Michigan State University
East Lansing, MI 48824, USA.

Pick a color: You are 'white' and your opponent is 'black'.
Black always plays first.

Current board:
    1   2   3   4   5   6   7   8
  +---+---+---+---+---+---+---+---+
a |   | b |   | b |   | b |   | b |
  +---+---+---+---+---+---+---+---+
b | b |   | b |   | b |   | b |   |
  +---+---+---+---+---+---+---+---+
c |   | b |   | b |   | b |   | b |
  +---+---+---+---+---+---+---+---+
d |   |   |   |   |   |   |   |   |
  +---+---+---+---+---+---+---+---+
e |   |   |   |   |   |   |   |   |
  +---+---+---+---+---+---+---+---+
f | w |   | w |   | w |   | w |   |
  +---+---+---+---+---+---+---+---+
g |   | w |   | w |   | w |   | w |
  +---+---+---+---+---+---+---+---+
h | w |   | w |   | w |   | w |   |
  +---+---+---+---+---+---+---+---+

  Black: 12, White: 12
Thinking ...
	black played ('c6', 'd7').
Current board:
    1   2   3   4   5   6   7   8
  +---+---+---+---+---+---+---+---+
a |   | b |   | b |   | b |   | b |
  +---+---+---+---+---+---+---+---+
b | b |   | b |   | b |   | b |   |
  +---+---+---+---+---+---+---+---+
c |   | b |   | b |   |   |   | b |
  +---+---+---+---+---+---+---+---+
d |   |   |   |   |   |   | b |   |
  +---+---+---+---+---+---+---+---+
e |   |   |   |   |   |   |   |   |
  +---+---+---+---+---+---+---+---+
f | w |   | w |   | w |   | w |   |
  +---+---+---+---+---+---+---+---+
g |   | w |   | w |   | w |   | w |
  +---+---+---+---+---+---+---+---+
h | w |   | w |   | w |   | w |   |
  +---+---+---+---+---+---+---+---+

  Black: 12, White: 12
[white's turn] :> Error: Invalid move, please type 'hints' to get suggestions.
Current board:
    1   2   3   4   5   6   7   8
  +---+---+---+---+---+---+---+---+
a |   | b |   | b |   | b |   | b |
  +---+---+---+---+---+---+---+---+
b | b |   | b |   | b |   | b |   |
  +---+---+---+---+---+---+---+---+
c |   | b |   | b |   |   |   | b |
  +---+---+---+---+---+---+---+---+
d |   |   |   |   |   |   | b |   |
  +---+---+---+---+---+---+---+---+
e |   |   |   |   |   |   |   |   |
  +---+---+---+---+---+---+---+---+
f | w |   | w |   | w |   | w |   |
  +---+---+---+---+---+---+---+---+
g |   | w |   | w |   | w |   | w |
  +---+---+---+---+---+---+---+---+
h | w |   | w |   | w |   | w |   |
  +---+---+---+---+---+---+---+---+

  Black: 12, White: 12
[white's turn] :> 	white played ('f7', 'e8').
Current board:
    1   2   3   4   5   6   7   8
  +---+---+---+---+---+---+---+---+
a |   | b |   | b |   | b |   | b |
  +---+---+---+---+---+---+---+---+
b | b |   | b |   | b |   | b |   |
  +---+---+---+---+---+---+---+---+
c |   | b |   | b |   |   |   | b |
  +---+---+---+---+---+---+---+---+
d |   |   |   |   |   |   | b |   |
  +---+---+---+---+---+---+---+---+
e |   |   |   |   |   |   |   | w |
  +---+---+---+---+---+---+---+---+
f | w |   | w |   | w |   |   |   |
  +---+---+---+---+---+---+---+---+
g |   | w |   | w |   | w |   | w |
  +---+---+---+---+---+---+---+---+
h | w |   | w |   | w |   | w |   |
  +---+---+---+---+---+---+---+---+

  Black: 12, White: 12
Thinking ...
	black played ('b5', 'c6').
Current board:
    1   2   3   4   5   6   7   8
  +---+---+---+---+---+---+---+---+
a |   | b |   | b |   | b |   | b |
  +---+---+---+---+---+---+---+---+
b | b |   | b |   |   |   | b |   |
  +---+---+---+---+---+---+---+---+
c |   | b |   | b |   | b |   | b |
  +---+---+---+---+---+---+---+---+
d |   |   |   |   |   |   | b |   |
  +---+---+---+---+---+---+---+---+
e |   |   |   |   |   |   |   | w |
  +---+---+---+---+---+---+---+---+
f | w |   | w |   | w |   |   |   |
  +---+---+---+---+---+---+---+---+
g |   | w |   | w |   | w |   | w |
  +---+---+---+---+---+---+---+---+
h | w |   | w |   | w |   | w |   |
  +---+---+---+---+---+---+---+---+

  Black: 12, White: 12
[white's turn] :> 	white played ('g8', 'f7').
Current board:
    1   2   3   4   5   6   7   8
  +---+---+---+---+---+---+---+---+
a |   | b |   | b |   | b |   | b |
  +---+---+---+---+---+---+---+---+
b | b |   | b |   |   |   | b |   |
  +---+---+---+---+---+---+---+---+
c |   | b |   | b |   | b |   | b |
  +---+---+---+---+---+---+---+---+
d |   |   |   |   |   |   | b |   |
  +---+---+---+---+---+---+---+---+
e |   |   |   |   |   |   |   | w |
  +---+---+---+---+---+---+---+---+
f | w |   | w |   | w |   | w |   |
  +---+---+---+---+---+---+---+---+
g |   | w |   | w |   | w |   |   |
  +---+---+---+---+---+---+---+---+
h | w |   | w |   | w |   | w |   |
  +---+---+---+---+---+---+---+---+

  Black: 12, White: 12
Thinking ...
	black played ('a4', 'b5').
Current board:
    1   2   3   4   5   6   7   8
  +---+---+---+---+---+---+---+---+
a |   | b |   |   |   | b |   | b |
  +---+---+---+---+---+---+---+---+
b | b |   | b |   | b |   | b |   |
  +---+---+---+---+---+---+---+---+
c |   | b |   | b |   | b |   | b |
  +---+---+---+---+---+---+---+---+
d |   |   |   |   |   |   | b |   |
  +---+---+---+---+---+---+---+---+
e |   |   |   |   |   |   |   | w |
  +---+---+---+---+---+---+---+---+
f | w |   | w |   | w |   | w |   |
  +---+---+---+---+---+---+---+---+
g |   | w |   | w |   | w |   |   |
  +---+---+---+---+---+---+---+---+
h | w |   | w |   | w |   | w |   |
  +---+---+---+---+---+---+---+---+

  Black: 12, White: 12
[white's turn] :> You have moves:
	1: f1 --> e2
	2: f3 --> e2
	3: f3 --> e4
	4: f5 --> e4
	5: f5 --> e6
	6: f7 --> e6
	7: h7 --> g8
Current board:
    1   2   3   4   5   6   7   8
  +---+---+---+---+---+---+---+---+
a |   | b |   |   |   | b |   | b |
  +---+---+---+---+---+---+---+---+
b | b |   | b |   | b |   | b |   |
  +---+---+---+---+---+---+---+---+
c |   | b |   | b |   | b |   | b |
  +---+---+---+---+---+---+---+---+
d |   |   |   |   |   |   | b |   |
  +---+---+---+---+---+---+---+---+
e |   |   |   |   |   |   |   | w |
  +---+---+---+---+---+---+---+---+
f | w |   | w |   | w |   | w |   |
  +---+---+---+---+---+---+---+---+
g |   | w |   | w |   | w |   |   |
  +---+---+---+---+---+---+---+---+
h | w |   | w |   | w |   | w |   |
  +---+---+---+---+---+---+---+---+

  Black: 12, White: 12
[white's turn] :> 	white played ('h7', 'g8').
Current board:
    1   2   3   4   5   6   7   8
  +---+---+---+---+---+---+---+---+
a |   | b |   |   |   | b |   | b |
  +---+---+---+---+---+---+---+---+
b | b |   | b |   | b |   | b |   |
  +---+---+---+---+---+---+---+---+
c |   | b |   | b |   | b |   | b |
  +---+---+---+---+---+---+---+---+
d |   |   |   |   |   |   | b |   |
  +---+---+---+---+---+---+---+---+
e |   |   |   |   |   |   |   | w |
  +---+---+---+---+---+---+---+---+
f | w |   | w |   | w |   | w |   |
  +---+---+---+---+---+---+---+---+
g |   | w |   | w |   | w |   | w |
  +---+---+---+---+---+---+---+---+
h | w |   | w |   | w |   |   |   |
  +---+---+---+---+---+---+---+---+

  Black: 12, White: 12
Thinking ...
	black played ('c2', 'd3').
Current board:
    1   2   3   4   5   6   7   8
  +---+---+---+---+---+---+---+---+
a |   | b |   |   |   | b |   | b |
  +---+---+---+---+---+---+---+---+
b | b |   | b |   | b |   | b |   |
  +---+---+---+---+---+---+---+---+
c |   |   |   | b |   | b |   | b |
  +---+---+---+---+---+---+---+---+
d |   |   | b |   |   |   | b |   |
  +---+---+---+---+---+---+---+---+
e |   |   |   |   |   |   |   | w |
  +---+---+---+---+---+---+---+---+
f | w |   | w |   | w |   | w |   |
  +---+---+---+---+---+---+---+---+
g |   | w |   | w |   | w |   | w |
  +---+---+---+---+---+---+---+---+
h | w |   | w |   | w |   |   |   |
  +---+---+---+---+---+---+---+---+

  Black: 12, White: 12
[white's turn] :> You have moves:
	1: f1 --> e2
	2: f3 --> e2
	3: f3 --> e4
	4: f5 --> e4
	5: f5 --> e6
	6: f7 --> e6
Current board:
    1   2   3   4   5   6   7   8
  +---+---+---+---+---+---+---+---+
a |   | b |   |   |   | b |   | b |
  +---+---+---+---+---+---+---+---+
b | b |   | b |   | b |   | b |   |
  +---+---+---+---+---+---+---+---+
c |   |   |   | b |   | b |   | b |
  +---+---+---+---+---+---+---+---+
d |   |   | b |   |   |   | b |   |
  +---+---+---+---+---+---+---+---+
e |   |   |   |   |   |   |   | w |
  +---+---+---+---+---+---+---+---+
f | w |   | w |   | w |   | w |   |
  +---+---+---+---+---+---+---+---+
g |   | w |   | w |   | w |   | w |
  +---+---+---+---+---+---+---+---+
h | w |   | w |   | w |   |   |   |
  +---+---+---+---+---+---+---+---+

  Black: 12, White: 12
[white's turn] :> 	white played ('f3', 'e2').
Current board:
    1   2   3   4   5   6   7   8
  +---+---+---+---+---+---+---+---+
a |   | b |   |   |   | b |   | b |
  +---+---+---+---+---+---+---+---+
b | b |   | b |   | b |   | b |   |
  +---+---+---+---+---+---+---+---+
c |   |   |   | b |   | b |   | b |
  +---+---+---+---+---+---+---+---+
d |   |   | b |   |   |   | b |   |
  +---+---+---+---+---+---+---+---+
e |   | w |   |   |   |   |   | w |
  +---+---+---+---+---+---+---+---+
f | w |   |   |   | w |   | w |   |
  +---+---+---+---+---+---+---+---+
g |   | w |   | w |   | w |   | w |
  +---+---+---+---+---+---+---+---+
h | w |   | w |   | w |   |   |   |
  +---+---+---+---+---+---+---+---+

  Black: 12, White: 12
Thinking ...
	black played ('b3', 'c2').
Current board:
    1   2   3   4   5   6   7   8
  +---+---+---+---+---+---+---+---+
a |   | b |   |   |   | b |   | b |
  +---+---+---+---+---+---+---+---+
b | b |   |   |   | b |   | b |   |
  +---+---+---+---+---+---+---+---+
c |   | b |   | b |   | b |   | b |
  +---+---+---+---+---+---+---+---+
d |   |   | b |   |   |   | b |   |
  +---+---+---+---+---+---+---+---+
e |   | w |   |   |   |   |   | w |
  +---+---+---+---+---+---+---+---+
f | w |   |   |   | w |   | w |   |
  +---+---+---+---+---+---+---+---+
g |   | w |   | w |   | w |   | w |
  +---+---+---+---+---+---+---+---+
h | w |   | w |   | w |   |   |   |
  +---+---+---+---+---+---+---+---+

  Black: 12, White: 12
[white's turn] :> You have moves:
	1: e2 --> d1
	2: f5 --> e4
	3: f5 --> e6
	4: f7 --> e6
	5: g2 --> f3
	6: g4 --> f3
Current board:
    1   2   3   4   5   6   7   8
  +---+---+---+---+---+---+---+---+
a |   | b |   |   |   | b |   | b |
  +---+---+---+---+---+---+---+---+
b | b |   |   |   | b |   | b |   |
  +---+---+---+---+---+---+---+---+
c |   | b |   | b |   | b |   | b |
  +---+---+---+---+---+---+---+---+
d |   |   | b |   |   |   | b |   |
  +---+---+---+---+---+---+---+---+
e |   | w |   |   |   |   |   | w |
  +---+---+---+---+---+---+---+---+
f | w |   |   |   | w |   | w |   |
  +---+---+---+---+---+---+---+---+
g |   | w |   | w |   | w |   | w |
  +---+---+---+---+---+---+---+---+
h | w |   | w |   | w |   |   |   |
  +---+---+---+---+---+---+---+---+

  Black: 12, White: 12
[white's turn] :> 	white played ('g4', 'f3').
Current board:
    1   2   3   4   5   6   7   8
  +---+---+---+---+---+---+---+---+
a |   | b |   |   |   | b |   | b |
  +---+---+---+---+---+---+---+---+
b | b |   |   |   | b |   | b |   |
  +---+---+---+---+---+---+---+---+
c |   | b |   | b |   | b |   | b |
  +---+---+---+---+---+---+---+---+
d |   |   | b |   |   |   | b |   |
  +---+---+---+---+---+---+---+---+
e |   | w |   |   |   |   |   | w |
  +---+---+---+---+---+---+---+---+
f | w |   | w |   | w |   | w |   |
  +---+---+---+---+---+---+---+---+
g |   | w |   |   |   | w |   | w |
  +---+---+---+---+---+---+---+---+
h | w |   | w |   | w |   |   |   |
  +---+---+---+---+---+---+---+---+

  Black: 12, White: 12
Thinking ...
	black played ('c4', 'd5').
Current board:
    1   2   3   4   5   6   7   8
  +---+---+---+---+---+---+---+---+
a |   | b |   |   |   | b |   | b |
  +---+---+---+---+---+---+---+---+
b | b |   |   |   | b |   | b |   |
  +---+---+---+---+---+---+---+---+
c |   | b |   |   |   | b |   | b |
  +---+---+---+---+---+---+---+---+
d |   |   | b |   | b |   | b |   |
  +---+---+---+---+---+---+---+---+
e |   | w |   |   |   |   |   | w |
  +---+---+---+---+---+---+---+---+
f | w |   | w |   | w |   | w |   |
  +---+---+---+---+---+---+---+---+
g |   | w |   |   |   | w |   | w |
  +---+---+---+---+---+---+---+---+
h | w |   | w |   | w |   |   |   |
  +---+---+---+---+---+---+---+---+

  Black: 12, White: 12
[white's turn] :> You have captures:
	1: ['e2', 'c4']
Current board:
    1   2   3   4   5   6   7   8
  +---+---+---+---+---+---+---+---+
a |   | b |   |   |   | b |   | b |
  +---+---+---+---+---+---+---+---+
b | b |   |   |   | b |   | b |   |
  +---+---+---+---+---+---+---+---+
c |   | b |   |   |   | b |   | b |
  +---+---+---+---+---+---+---+---+
d |   |   | b |   | b |   | b |   |
  +---+---+---+---+---+---+---+---+
e |   | w |   |   |   |   |   | w |
  +---+---+---+---+---+---+---+---+
f | w |   | w |   | w |   | w |   |
  +---+---+---+---+---+---+---+---+
g |   | w |   |   |   | w |   | w |
  +---+---+---+---+---+---+---+---+
h | w |   | w |   | w |   |   |   |
  +---+---+---+---+---+---+---+---+

  Black: 12, White: 12
[white's turn] :> 	white played ['e2', 'c4'].
Current board:
    1   2   3   4   5   6   7   8
  +---+---+---+---+---+---+---+---+
a |   | b |   |   |   | b |   | b |
  +---+---+---+---+---+---+---+---+
b | b |   |   |   | b |   | b |   |
  +---+---+---+---+---+---+---+---+
c |   | b |   | w |   | b |   | b |
  +---+---+---+---+---+---+---+---+
d |   |   |   |   | b |   | b |   |
  +---+---+---+---+---+---+---+---+
e |   |   |   |   |   |   |   | w |
  +---+---+---+---+---+---+---+---+
f | w |   | w |   | w |   | w |   |
  +---+---+---+---+---+---+---+---+
g |   | w |   |   |   | w |   | w |
  +---+---+---+---+---+---+---+---+
h | w |   | w |   | w |   |   |   |
  +---+---+---+---+---+---+---+---+

  Black: 11, White: 12
Thinking ...
	black played ['b5', 'd3'].
Current board:
    1   2   3   4   5   6   7   8
  +---+---+---+---+---+---+---+---+
a |   | b |   |   |   | b |   | b |
  +---+---+---+---+---+---+---+---+
b | b |   |   |   |   |   | b |   |
  +---+---+---+---+---+---+---+---+
c |   | b |   |   |   | b |   | b |
  +---+---+---+---+---+---+---+---+
d |   |   | b |   | b |   | b |   |
  +---+---+---+---+---+---+---+---+
e |   |   |   |   |   |   |   | w |
  +---+---+---+---+---+---+---+---+
f | w |   | w |   | w |   | w |   |
  +---+---+---+---+---+---+---+---+
g |   | w |   |   |   | w |   | w |
  +---+---+---+---+---+---+---+---+
h | w |   | w |   | w |   |   |   |
  +---+---+---+---+---+---+---+---+

  Black: 11, White: 11
[white's turn] :> You have moves:
	1: f1 --> e2
	2: f3 --> e2
	3: f3 --> e4
	4: f5 --> e4
	5: f5 --> e6
	6: f7 --> e6
	7: h3 --> g4
	8: h5 --> g4
Current board:
    1   2   3   4   5   6   7   8
  +---+---+---+---+---+---+---+---+
a |   | b |   |   |   | b |   | b |
  +---+---+---+---+---+---+---+---+
b | b |   |   |   |   |   | b |   |
  +---+---+---+---+---+---+---+---+
c |   | b |   |   |   | b |   | b |
  +---+---+---+---+---+---+---+---+
d |   |   | b |   | b |   | b |   |
  +---+---+---+---+---+---+---+---+
e |   |   |   |   |   |   |   | w |
  +---+---+---+---+---+---+---+---+
f | w |   | w |   | w |   | w |   |
  +---+---+---+---+---+---+---+---+
g |   | w |   |   |   | w |   | w |
  +---+---+---+---+---+---+---+---+
h | w |   | w |   | w |   |   |   |
  +---+---+---+---+---+---+---+---+

  Black: 11, White: 11
[white's turn] :> 	white played ('h5', 'g4').
Current board:
    1   2   3   4   5   6   7   8
  +---+---+---+---+---+---+---+---+
a |   | b |   |   |   | b |   | b |
  +---+---+---+---+---+---+---+---+
b | b |   |   |   |   |   | b |   |
  +---+---+---+---+---+---+---+---+
c |   | b |   |   |   | b |   | b |
  +---+---+---+---+---+---+---+---+
d |   |   | b |   | b |   | b |   |
  +---+---+---+---+---+---+---+---+
e |   |   |   |   |   |   |   | w |
  +---+---+---+---+---+---+---+---+
f | w |   | w |   | w |   | w |   |
  +---+---+---+---+---+---+---+---+
g |   | w |   | w |   | w |   | w |
  +---+---+---+---+---+---+---+---+
h | w |   | w |   |   |   |   |   |
  +---+---+---+---+---+---+---+---+

  Black: 11, White: 11
Thinking ...
	black played ('a6', 'b5').
Current board:
    1   2   3   4   5   6   7   8
  +---+---+---+---+---+---+---+---+
a |   | b |   |   |   |   |   | b |
  +---+---+---+---+---+---+---+---+
b | b |   |   |   | b |   | b |   |
  +---+---+---+---+---+---+---+---+
c |   | b |   |   |   | b |   | b |
  +---+---+---+---+---+---+---+---+
d |   |   | b |   | b |   | b |   |
  +---+---+---+---+---+---+---+---+
e |   |   |   |   |   |   |   | w |
  +---+---+---+---+---+---+---+---+
f | w |   | w |   | w |   | w |   |
  +---+---+---+---+---+---+---+---+
g |   | w |   | w |   | w |   | w |
  +---+---+---+---+---+---+---+---+
h | w |   | w |   |   |   |   |   |
  +---+---+---+---+---+---+---+---+

  Black: 11, White: 11
[white's turn] :> You have moves:
	1: f1 --> e2
	2: f3 --> e2
	3: f3 --> e4
	4: f5 --> e4
	5: f5 --> e6
	6: f7 --> e6
Current board:
    1   2   3   4   5   6   7   8
  +---+---+---+---+---+---+---+---+
a |   | b |   |   |   |   |   | b |
  +---+---+---+---+---+---+---+---+
b | b |   |   |   | b |   | b |   |
  +---+---+---+---+---+---+---+---+
c |   | b |   |   |   | b |   | b |
  +---+---+---+---+---+---+---+---+
d |   |   | b |   | b |   | b |   |
  +---+---+---+---+---+---+---+---+
e |   |   |   |   |   |   |   | w |
  +---+---+---+---+---+---+---+---+
f | w |   | w |   | w |   | w |   |
  +---+---+---+---+---+---+---+---+
g |   | w |   | w |   | w |   | w |
  +---+---+---+---+---+---+---+---+
h | w |   | w |   |   |   |   |   |
  +---+---+---+---+---+---+---+---+

  Black: 11, White: 11
[white's turn] :> 	white played ('f7', 'e6').
Current board:
    1   2   3   4   5   6   7   8
  +---+---+---+---+---+---+---+---+
a |   | b |   |   |   |   |   | b |
  +---+---+---+---+---+---+---+---+
b | b |   |   |   | b |   | b |   |
  +---+---+---+---+---+---+---+---+
c |   | b |   |   |   | b |   | b |
  +---+---+---+---+---+---+---+---+
d |   |   | b |   | b |   | b |   |
  +---+---+---+---+---+---+---+---+
e |   |   |   |   |   | w |   | w |
  +---+---+---+---+---+---+---+---+
f | w |   | w |   | w |   |   |   |
  +---+---+---+---+---+---+---+---+
g |   | w |   | w |   | w |   | w |
  +---+---+---+---+---+---+---+---+
h | w |   | w |   |   |   |   |   |
  +---+---+---+---+---+---+---+---+

  Black: 11, White: 11
Thinking ...
	black played ['d5', 'f7', 'h5'].
Current board:
    1   2   3   4   5   6   7   8
  +---+---+---+---+---+---+---+---+
a |   | b |   |   |   |   |   | b |
  +---+---+---+---+---+---+---+---+
b | b |   |   |   | b |   | b |   |
  +---+---+---+---+---+---+---+---+
c |   | b |   |   |   | b |   | b |
  +---+---+---+---+---+---+---+---+
d |   |   | b |   |   |   | b |   |
  +---+---+---+---+---+---+---+---+
e |   |   |   |   |   |   |   | w |
  +---+---+---+---+---+---+---+---+
f | w |   | w |   | w |   |   |   |
  +---+---+---+---+---+---+---+---+
g |   | w |   | w |   |   |   | w |
  +---+---+---+---+---+---+---+---+
h | w |   | w |   | B |   |   |   |
  +---+---+---+---+---+---+---+---+

  Black: 11, White: 9
[white's turn] :> You have moves:
	1: f1 --> e2
	2: f3 --> e2
	3: f3 --> e4
	4: f5 --> e4
	5: f5 --> e6
	6: g8 --> f7
Current board:
    1   2   3   4   5   6   7   8
  +---+---+---+---+---+---+---+---+
a |   | b |   |   |   |   |   | b |
  +---+---+---+---+---+---+---+---+
b | b |   |   |   | b |   | b |   |
  +---+---+---+---+---+---+---+---+
c |   | b |   |   |   | b |   | b |
  +---+---+---+---+---+---+---+---+
d |   |   | b |   |   |   | b |   |
  +---+---+---+---+---+---+---+---+
e |   |   |   |   |   |   |   | w |
  +---+---+---+---+---+---+---+---+
f | w |   | w |   | w |   |   |   |
  +---+---+---+---+---+---+---+---+
g |   | w |   | w |   |   |   | w |
  +---+---+---+---+---+---+---+---+
h | w |   | w |   | B |   |   |   |
  +---+---+---+---+---+---+---+---+

  Black: 11, White: 9
[white's turn] :> 	white played ('g8', 'f7').
Current board:
    1   2   3   4   5   6   7   8
  +---+---+---+---+---+---+---+---+
a |   | b |   |   |   |   |   | b |
  +---+---+---+---+---+---+---+---+
b | b |   |   |   | b |   | b |   |
  +---+---+---+---+---+---+---+---+
c |   | b |   |   |   | b |   | b |
  +---+---+---+---+---+---+---+---+
d |   |   | b |   |   |   | b |   |
  +---+---+---+---+---+---+---+---+
e |   |   |   |   |   |   |   | w |
  +---+---+---+---+---+---+---+---+
f | w |   | w |   | w |   | w |   |
  +---+---+---+---+---+---+---+---+
g |   | w |   | w |   |   |   |   |
  +---+---+---+---+---+---+---+---+
h | w |   | w |   | B |   |   |   |
  +---+---+---+---+---+---+---+---+

  Black: 11, White: 9
Thinking ...
	black played ('d7', 'e6').
Current board:
    1   2   3   4   5   6   7   8
  +---+---+---+---+---+---+---+---+
a |   | b |   |   |   |   |   | b |
  +---+---+---+---+---+---+---+---+
b | b |   |   |   | b |   | b |   |
  +---+---+---+---+---+---+---+---+
c |   | b |   |   |   | b |   | b |
  +---+---+---+---+---+---+---+---+
d |   |   | b |   |   |   |   |   |
  +---+---+---+---+---+---+---+---+
e |   |   |   |   |   | b |   | w |
  +---+---+---+---+---+---+---+---+
f | w |   | w |   | w |   | w |   |
  +---+---+---+---+---+---+---+---+
g |   | w |   | w |   |   |   |   |
  +---+---+---+---+---+---+---+---+
h | w |   | w |   | B |   |   |   |
  +---+---+---+---+---+---+---+---+

  Black: 11, White: 9
[white's turn] :> You have captures:
	1: ['f5', 'd7']
	2: ['f7', 'd5']
Current board:
    1   2   3   4   5   6   7   8
  +---+---+---+---+---+---+---+---+
a |   | b |   |   |   |   |   | b |
  +---+---+---+---+---+---+---+---+
b | b |   |   |   | b |   | b |   |
  +---+---+---+---+---+---+---+---+
c |   | b |   |   |   | b |   | b |
  +---+---+---+---+---+---+---+---+
d |   |   | b |   |   |   |   |   |
  +---+---+---+---+---+---+---+---+
e |   |   |   |   |   | b |   | w |
  +---+---+---+---+---+---+---+---+
f | w |   | w |   | w |   | w |   |
  +---+---+---+---+---+---+---+---+
g |   | w |   | w |   |   |   |   |
  +---+---+---+---+---+---+---+---+
h | w |   | w |   | B |   |   |   |
  +---+---+---+---+---+---+---+---+

  Black: 11, White: 9
[white's turn] :> 	white played ['f7', 'd5'].
Current board:
    1   2   3   4   5   6   7   8
  +---+---+---+---+---+---+---+---+
a |   | b |   |   |   |   |   | b |
  +---+---+---+---+---+---+---+---+
b | b |   |   |   | b |   | b |   |
  +---+---+---+---+---+---+---+---+
c |   | b |   |   |   | b |   | b |
  +---+---+---+---+---+---+---+---+
d |   |   | b |   | w |   |   |   |
  +---+---+---+---+---+---+---+---+
e |   |   |   |   |   |   |   | w |
  +---+---+---+---+---+---+---+---+
f | w |   | w |   | w |   |   |   |
  +---+---+---+---+---+---+---+---+
g |   | w |   | w |   |   |   |   |
  +---+---+---+---+---+---+---+---+
h | w |   | w |   | B |   |   |   |
  +---+---+---+---+---+---+---+---+

  Black: 10, White: 9
Thinking ...
	black played ['c6', 'e4', 'g6'].
Current board:
    1   2   3   4   5   6   7   8
  +---+---+---+---+---+---+---+---+
a |   | b |   |   |   |   |   | b |
  +---+---+---+---+---+---+---+---+
b | b |   |   |   | b |   | b |   |
  +---+---+---+---+---+---+---+---+
c |   | b |   |   |   |   |   | b |
  +---+---+---+---+---+---+---+---+
d |   |   | b |   |   |   |   |   |
  +---+---+---+---+---+---+---+---+
e |   |   |   |   |   |   |   | w |
  +---+---+---+---+---+---+---+---+
f | w |   | w |   |   |   |   |   |
  +---+---+---+---+---+---+---+---+
g |   | w |   | w |   | b |   |   |
  +---+---+---+---+---+---+---+---+
h | w |   | w |   | B |   |   |   |
  +---+---+---+---+---+---+---+---+

  Black: 10, White: 7
[white's turn] :> You have moves:
	1: e8 --> d7
	2: f1 --> e2
	3: f3 --> e2
	4: f3 --> e4
	5: g4 --> f5
Current board:
    1   2   3   4   5   6   7   8
  +---+---+---+---+---+---+---+---+
a |   | b |   |   |   |   |   | b |
  +---+---+---+---+---+---+---+---+
b | b |   |   |   | b |   | b |   |
  +---+---+---+---+---+---+---+---+
c |   | b |   |   |   |   |   | b |
  +---+---+---+---+---+---+---+---+
d |   |   | b |   |   |   |   |   |
  +---+---+---+---+---+---+---+---+
e |   |   |   |   |   |   |   | w |
  +---+---+---+---+---+---+---+---+
f | w |   | w |   |   |   |   |   |
  +---+---+---+---+---+---+---+---+
g |   | w |   | w |   | b |   |   |
  +---+---+---+---+---+---+---+---+
h | w |   | w |   | B |   |   |   |
  +---+---+---+---+---+---+---+---+

  Black: 10, White: 7
[white's turn] :> 	white played ('f3', 'e2').
Current board:
    1   2   3   4   5   6   7   8
  +---+---+---+---+---+---+---+---+
a |   | b |   |   |   |   |   | b |
  +---+---+---+---+---+---+---+---+
b | b |   |   |   | b |   | b |   |
  +---+---+---+---+---+---+---+---+
c |   | b |   |   |   |   |   | b |
  +---+---+---+---+---+---+---+---+
d |   |   | b |   |   |   |   |   |
  +---+---+---+---+---+---+---+---+
e |   | w |   |   |   |   |   | w |
  +---+---+---+---+---+---+---+---+
f | w |   |   |   |   |   |   |   |
  +---+---+---+---+---+---+---+---+
g |   | w |   | w |   | b |   |   |
  +---+---+---+---+---+---+---+---+
h | w |   | w |   | B |   |   |   |
  +---+---+---+---+---+---+---+---+

  Black: 10, White: 7
Thinking ...
	black played ['h5', 'f3', 'd1'].
Current board:
    1   2   3   4   5   6   7   8
  +---+---+---+---+---+---+---+---+
a |   | b |   |   |   |   |   | b |
  +---+---+---+---+---+---+---+---+
b | b |   |   |   | b |   | b |   |
  +---+---+---+---+---+---+---+---+
c |   | b |   |   |   |   |   | b |
  +---+---+---+---+---+---+---+---+
d | B |   | b |   |   |   |   |   |
  +---+---+---+---+---+---+---+---+
e |   |   |   |   |   |   |   | w |
  +---+---+---+---+---+---+---+---+
f | w |   |   |   |   |   |   |   |
  +---+---+---+---+---+---+---+---+
g |   | w |   |   |   | b |   |   |
  +---+---+---+---+---+---+---+---+
h | w |   | w |   |   |   |   |   |
  +---+---+---+---+---+---+---+---+

  Black: 10, White: 5
[white's turn] :> You have moves:
	1: e8 --> d7
	2: f1 --> e2
	3: g2 --> f3
	4: h3 --> g4
Current board:
    1   2   3   4   5   6   7   8
  +---+---+---+---+---+---+---+---+
a |   | b |   |   |   |   |   | b |
  +---+---+---+---+---+---+---+---+
b | b |   |   |   | b |   | b |   |
  +---+---+---+---+---+---+---+---+
c |   | b |   |   |   |   |   | b |
  +---+---+---+---+---+---+---+---+
d | B |   | b |   |   |   |   |   |
  +---+---+---+---+---+---+---+---+
e |   |   |   |   |   |   |   | w |
  +---+---+---+---+---+---+---+---+
f | w |   |   |   |   |   |   |   |
  +---+---+---+---+---+---+---+---+
g |   | w |   |   |   | b |   |   |
  +---+---+---+---+---+---+---+---+
h | w |   | w |   |   |   |   |   |
  +---+---+---+---+---+---+---+---+

  Black: 10, White: 5
[white's turn] :> 	white played ('g2', 'f3').
Current board:
    1   2   3   4   5   6   7   8
  +---+---+---+---+---+---+---+---+
a |   | b |   |   |   |   |   | b |
  +---+---+---+---+---+---+---+---+
b | b |   |   |   | b |   | b |   |
  +---+---+---+---+---+---+---+---+
c |   | b |   |   |   |   |   | b |
  +---+---+---+---+---+---+---+---+
d | B |   | b |   |   |   |   |   |
  +---+---+---+---+---+---+---+---+
e |   |   |   |   |   |   |   | w |
  +---+---+---+---+---+---+---+---+
f | w |   | w |   |   |   |   |   |
  +---+---+---+---+---+---+---+---+
g |   |   |   |   |   | b |   |   |
  +---+---+---+---+---+---+---+---+
h | w |   | w |   |   |   |   |   |
  +---+---+---+---+---+---+---+---+

  Black: 10, White: 5
Thinking ...
	black played ('d3', 'e4').
Current board:
    1   2   3   4   5   6   7   8
  +---+---+---+---+---+---+---+---+
a |   | b |   |   |   |   |   | b |
  +---+---+---+---+---+---+---+---+
b | b |   |   |   | b |   | b |   |
  +---+---+---+---+---+---+---+---+
c |   | b |   |   |   |   |   | b |
  +---+---+---+---+---+---+---+---+
d | B |   |   |   |   |   |   |   |
  +---+---+---+---+---+---+---+---+
e |   |   |   | b |   |   |   | w |
  +---+---+---+---+---+---+---+---+
f | w |   | w |   |   |   |   |   |
  +---+---+---+---+---+---+---+---+
g |   |   |   |   |   | b |   |   |
  +---+---+---+---+---+---+---+---+
h | w |   | w |   |   |   |   |   |
  +---+---+---+---+---+---+---+---+

  Black: 10, White: 5
[white's turn] :> You have captures:
	1: ['f3', 'd5']
Current board:
    1   2   3   4   5   6   7   8
  +---+---+---+---+---+---+---+---+
a |   | b |   |   |   |   |   | b |
  +---+---+---+---+---+---+---+---+
b | b |   |   |   | b |   | b |   |
  +---+---+---+---+---+---+---+---+
c |   | b |   |   |   |   |   | b |
  +---+---+---+---+---+---+---+---+
d | B |   |   |   |   |   |   |   |
  +---+---+---+---+---+---+---+---+
e |   |   |   | b |   |   |   | w |
  +---+---+---+---+---+---+---+---+
f | w |   | w |   |   |   |   |   |
  +---+---+---+---+---+---+---+---+
g |   |   |   |   |   | b |   |   |
  +---+---+---+---+---+---+---+---+
h | w |   | w |   |   |   |   |   |
  +---+---+---+---+---+---+---+---+

  Black: 10, White: 5
[white's turn] :> 	white played ['f3', 'd5'].
Current board:
    1   2   3   4   5   6   7   8
  +---+---+---+---+---+---+---+---+
a |   | b |   |   |   |   |   | b |
  +---+---+---+---+---+---+---+---+
b | b |   |   |   | b |   | b |   |
  +---+---+---+---+---+---+---+---+
c |   | b |   |   |   |   |   | b |
  +---+---+---+---+---+---+---+---+
d | B |   |   |   | w |   |   |   |
  +---+---+---+---+---+---+---+---+
e |   |   |   |   |   |   |   | w |
  +---+---+---+---+---+---+---+---+
f | w |   |   |   |   |   |   |   |
  +---+---+---+---+---+---+---+---+
g |   |   |   |   |   | b |   |   |
  +---+---+---+---+---+---+---+---+
h | w |   | w |   |   |   |   |   |
  +---+---+---+---+---+---+---+---+

  Black: 9, White: 5
Thinking ...
	black played ('g6', 'h5').
Current board:
    1   2   3   4   5   6   7   8
  +---+---+---+---+---+---+---+---+
a |   | b |   |   |   |   |   | b |
  +---+---+---+---+---+---+---+---+
b | b |   |   |   | b |   | b |   |
  +---+---+---+---+---+---+---+---+
c |   | b |   |   |   |   |   | b |
  +---+---+---+---+---+---+---+---+
d | B |   |   |   | w |   |   |   |
  +---+---+---+---+---+---+---+---+
e |   |   |   |   |   |   |   | w |
  +---+---+---+---+---+---+---+---+
f | w |   |   |   |   |   |   |   |
  +---+---+---+---+---+---+---+---+
g |   |   |   |   |   |   |   |   |
  +---+---+---+---+---+---+---+---+
h | w |   | w |   | B |   |   |   |
  +---+---+---+---+---+---+---+---+

  Black: 9, White: 5
[white's turn] :> You have moves:
	1: d5 --> c4
	2: d5 --> c6
	3: e8 --> d7
	4: f1 --> e2
	5: h1 --> g2
	6: h3 --> g2
	7: h3 --> g4
Current board:
    1   2   3   4   5   6   7   8
  +---+---+---+---+---+---+---+---+
a |   | b |   |   |   |   |   | b |
  +---+---+---+---+---+---+---+---+
b | b |   |   |   | b |   | b |   |
  +---+---+---+---+---+---+---+---+
c |   | b |   |   |   |   |   | b |
  +---+---+---+---+---+---+---+---+
d | B |   |   |   | w |   |   |   |
  +---+---+---+---+---+---+---+---+
e |   |   |   |   |   |   |   | w |
  +---+---+---+---+---+---+---+---+
f | w |   |   |   |   |   |   |   |
  +---+---+---+---+---+---+---+---+
g |   |   |   |   |   |   |   |   |
  +---+---+---+---+---+---+---+---+
h | w |   | w |   | B |   |   |   |
  +---+---+---+---+---+---+---+---+

  Black: 9, White: 5
[white's turn] :> 	white played ('h3', 'g2').
Current board:
    1   2   3   4   5   6   7   8
  +---+---+---+---+---+---+---+---+
a |   | b |   |   |   |   |   | b |
  +---+---+---+---+---+---+---+---+
b | b |   |   |   | b |   | b |   |
  +---+---+---+---+---+---+---+---+
c |   | b |   |   |   |   |   | b |
  +---+---+---+---+---+---+---+---+
d | B |   |   |   | w |   |   |   |
  +---+---+---+---+---+---+---+---+
e |   |   |   |   |   |   |   | w |
  +---+---+---+---+---+---+---+---+
f | w |   |   |   |   |   |   |   |
  +---+---+---+---+---+---+---+---+
g |   | w |   |   |   |   |   |   |
  +---+---+---+---+---+---+---+---+
h | w |   |   |   | B |   |   |   |
  +---+---+---+---+---+---+---+---+

  Black: 9, White: 5
Thinking ...
	black played ('c2', 'd3').
Current board:
    1   2   3   4   5   6   7   8
  +---+---+---+---+---+---+---+---+
a |   | b |   |   |   |   |   | b |
  +---+---+---+---+---+---+---+---+
b | b |   |   |   | b |   | b |   |
  +---+---+---+---+---+---+---+---+
c |   |   |   |   |   |   |   | b |
  +---+---+---+---+---+---+---+---+
d | B |   | b |   | w |   |   |   |
  +---+---+---+---+---+---+---+---+
e |   |   |   |   |   |   |   | w |
  +---+---+---+---+---+---+---+---+
f | w |   |   |   |   |   |   |   |
  +---+---+---+---+---+---+---+---+
g |   | w |   |   |   |   |   |   |
  +---+---+---+---+---+---+---+---+
h | w |   |   |   | B |   |   |   |
  +---+---+---+---+---+---+---+---+

  Black: 9, White: 5
[white's turn] :> You have moves:
	1: d5 --> c4
	2: d5 --> c6
	3: e8 --> d7
	4: f1 --> e2
	5: g2 --> f3
Current board:
    1   2   3   4   5   6   7   8
  +---+---+---+---+---+---+---+---+
a |   | b |   |   |   |   |   | b |
  +---+---+---+---+---+-